<component name="libraryTable">
  <library name="junit-4.11(1)">
    <CLASSES>
      <root url="jar://D:/Programmation/Java/Librairies/junit-4.11(1).jar!/" />
    </CLASSES>
    <JAVADOC />
    <SOURCES />
  </library>
</component>